<?xml version="1.0" encoding="UTF-8"?>
<!-- Generated by org.testng.reporters.JUnitReportReporter -->
<testsuite hostname="DESKTOP-8OOBKG4" failures="0" tests="1" name="utils.Runner" time="11.501" errors="0" timestamp="2025-05-02T23:23:20 IST" skipped="0">
  <testcase classname="utils.Runner" name="runScenario" time="11.501"/>
</testsuite> <!-- utils.Runner -->
