<?xml version="1.0" encoding="UTF-8"?>
<!-- Generated by org.testng.reporters.JUnitReportReporter -->
<testsuite hostname="DESKTOP-8OOBKG4" failures="0" tests="2" name="utils.Runner" time="17.244" errors="0" timestamp="2025-05-03T21:21:55 IST" skipped="0">
  <testcase classname="utils.Runner" name="runScenario" time="10.788"/>
  <testcase classname="utils.Runner" name="runScenario" time="6.456"/>
</testsuite> <!-- utils.Runner -->
