<?xml version="1.0" encoding="UTF-8"?>
<!-- Generated by org.testng.reporters.JUnitReportReporter -->
<testsuite hostname="DESKTOP-8OOBKG4" failures="0" tests="2" name="utils.Runner" time="15.557" errors="0" timestamp="2025-05-04T18:50:58 IST" skipped="0">
  <testcase classname="utils.Runner" name="runScenario" time="9.201"/>
  <testcase classname="utils.Runner" name="runScenario" time="6.356"/>
</testsuite> <!-- utils.Runner -->
