<?xml version="1.0" encoding="UTF-8"?>
<!-- Generated by org.testng.reporters.JUnitReportReporter -->
<testsuite hostname="DESKTOP-8OOBKG4" failures="0" tests="1" name="utils.Runner" time="41.838" errors="0" timestamp="2025-05-07T20:43:23 IST" skipped="0">
  <testcase classname="utils.Runner" name="runScenario" time="41.838"/>
</testsuite> <!-- utils.Runner -->
